#! /usr/bin/vvp
:ivl_version "10.2 (stable)";
:ivl_delay_selection "TYPICAL";
:vpi_time_precision + 0;
:vpi_module "system";
:vpi_module "vhdl_sys";
:vpi_module "v2005_math";
:vpi_module "va_math";
S_0x559147a160 .scope module, "gates" "gates" 2 1;
 .timescale 0 0;
    .port_info 0 /INPUT 4 "a"
    .port_info 1 /INPUT 4 "b"
    .port_info 2 /OUTPUT 4 "y1"
    .port_info 3 /OUTPUT 4 "y2"
    .port_info 4 /OUTPUT 4 "y3"
    .port_info 5 /OUTPUT 4 "y4"
    .port_info 6 /OUTPUT 4 "y5"
o0x7fa2a08018 .functor BUFZ 4, C4<zzzz>; HiZ drive
v0x559147a3d0_0 .net "a", 3 0, o0x7fa2a08018;  0 drivers
o0x7fa2a08048 .functor BUFZ 4, C4<zzzz>; HiZ drive
v0x55914d28b0_0 .net "b", 3 0, o0x7fa2a08048;  0 drivers
v0x55914d2990_0 .var "y1", 3 0;
v0x55914d2a50_0 .var "y2", 3 0;
v0x55914d2b30_0 .var "y3", 3 0;
v0x55914d2c60_0 .var "y4", 3 0;
v0x55914d2d40_0 .var "y5", 3 0;
E_0x55914afeb0 .event edge, v0x55914d28b0_0;
    .scope S_0x559147a160;
T_0 ;
    %wait E_0x55914afeb0;
    %load/vec4 v0x559147a3d0_0;
    %load/vec4 v0x55914d28b0_0;
    %and;
    %store/vec4 v0x55914d2990_0, 0, 4;
    %load/vec4 v0x559147a3d0_0;
    %load/vec4 v0x55914d28b0_0;
    %or;
    %store/vec4 v0x55914d2a50_0, 0, 4;
    %load/vec4 v0x559147a3d0_0;
    %load/vec4 v0x55914d28b0_0;
    %xor;
    %store/vec4 v0x55914d2b30_0, 0, 4;
    %load/vec4 v0x559147a3d0_0;
    %load/vec4 v0x55914d28b0_0;
    %and;
    %inv;
    %store/vec4 v0x55914d2c60_0, 0, 4;
    %load/vec4 v0x559147a3d0_0;
    %load/vec4 v0x55914d28b0_0;
    %or;
    %inv;
    %store/vec4 v0x55914d2d40_0, 0, 4;
    %jmp T_0;
    .thread T_0, $push;
# The file index is used to find the file name in the following table.
:file_names 3;
    "N/A";
    "<interactive>";
    "gates.v";
