#! /usr/bin/vvp
:ivl_version "10.2 (stable)";
:ivl_delay_selection "TYPICAL";
:vpi_time_precision - 12;
:vpi_module "system";
:vpi_module "vhdl_sys";
:vpi_module "v2005_math";
:vpi_module "va_math";
S_0x557ff310b0 .scope module, "and3test_v" "and3test_v" 2 26;
 .timescale -9 -12;
v0x557ff99350_0 .var "in", 2 0;
v0x557ff99450_0 .var "passed", 7 0;
v0x557ff99530_0 .net "y", 0 0, v0x557ff98c60_0;  1 drivers
L_0x557ff99630 .part v0x557ff99350_0, 0, 1;
L_0x557ff99730 .part v0x557ff99350_0, 1, 1;
L_0x557ff99850 .part v0x557ff99350_0, 2, 1;
S_0x557ff31230 .scope task, "allPassed" "allPassed" 2 37, 2 37 0, S_0x557ff310b0;
 .timescale -9 -12;
v0x557ff31400_0 .var "numTests", 7 0;
v0x557ff98600_0 .var "passed", 7 0;
TD_and3test_v.allPassed ;
    %load/vec4 v0x557ff98600_0;
    %load/vec4 v0x557ff31400_0;
    %cmp/e;
    %jmp/0xz  T_0.0, 4;
    %vpi_call 2 41 "$display", "All tests passed" {0 0 0};
    %jmp T_0.1;
T_0.0 ;
    %vpi_call 2 42 "$display", "Some tests failed" {0 0 0};
T_0.1 ;
    %end;
S_0x557ff986e0 .scope module, "dut" "and3" 2 53, 3 1 0, S_0x557ff310b0;
 .timescale -9 -12;
    .port_info 0 /INPUT 1 "a"
    .port_info 1 /INPUT 1 "b"
    .port_info 2 /INPUT 1 "c"
    .port_info 3 /OUTPUT 1 "y"
v0x557ff98960_0 .net "a", 0 0, L_0x557ff99630;  1 drivers
v0x557ff98a40_0 .net "b", 0 0, L_0x557ff99730;  1 drivers
v0x557ff98b00_0 .net "c", 0 0, L_0x557ff99850;  1 drivers
v0x557ff98ba0_0 .var "tmp", 0 0;
v0x557ff98c60_0 .var "y", 0 0;
E_0x557ff31750 .event edge, v0x557ff98b00_0, v0x557ff98a40_0, v0x557ff98960_0;
S_0x557ff98df0 .scope task, "passTest" "passTest" 2 28, 2 28 0, S_0x557ff310b0;
 .timescale -9 -12;
v0x557ff98fc0_0 .var "actualOut", 3 0;
v0x557ff990a0_0 .var "expectedOut", 3 0;
v0x557ff99180_0 .var "passed", 7 0;
v0x557ff99270_0 .var "testType", 120 0;
TD_and3test_v.passTest ;
    %load/vec4 v0x557ff98fc0_0;
    %load/vec4 v0x557ff990a0_0;
    %cmp/e;
    %jmp/0xz  T_1.2, 4;
    %vpi_call 2 33 "$display", "%s passed", v0x557ff99270_0 {0 0 0};
    %load/vec4 v0x557ff99180_0;
    %addi 1, 0, 8;
    %store/vec4 v0x557ff99180_0, 0, 8;
    %jmp T_1.3;
T_1.2 ;
    %vpi_call 2 34 "$display", "%s failed: %d should be %d", v0x557ff99270_0, v0x557ff98fc0_0, v0x557ff990a0_0 {0 0 0};
T_1.3 ;
    %end;
    .scope S_0x557ff986e0;
T_2 ;
    %wait E_0x557ff31750;
    %load/vec4 v0x557ff98960_0;
    %load/vec4 v0x557ff98a40_0;
    %and;
    %store/vec4 v0x557ff98ba0_0, 0, 1;
    %load/vec4 v0x557ff98ba0_0;
    %load/vec4 v0x557ff98b00_0;
    %and;
    %store/vec4 v0x557ff98c60_0, 0, 1;
    %jmp T_2;
    .thread T_2, $push;
    .scope S_0x557ff310b0;
T_3 ;
    %pushi/vec4 0, 0, 3;
    %store/vec4 v0x557ff99350_0, 0, 3;
    %pushi/vec4 0, 0, 8;
    %store/vec4 v0x557ff99450_0, 0, 8;
    %delay 90000, 0;
    %pushi/vec4 0, 0, 3;
    %store/vec4 v0x557ff99350_0, 0, 3;
    %delay 10000, 0;
    %load/vec4 v0x557ff99530_0;
    %pad/u 4;
    %store/vec4 v0x557ff98fc0_0, 0, 4;
    %pushi/vec4 0, 0, 4;
    %store/vec4 v0x557ff990a0_0, 0, 4;
    %pushi/vec4 2463949034, 0, 98;
    %concati/vec4 7610416, 0, 23;
    %store/vec4 v0x557ff99270_0, 0, 121;
    %load/vec4 v0x557ff99450_0;
    %store/vec4 v0x557ff99180_0, 0, 8;
    %fork TD_and3test_v.passTest, S_0x557ff98df0;
    %join;
    %load/vec4 v0x557ff99180_0;
    %store/vec4 v0x557ff99450_0, 0, 8;
    %delay 90000, 0;
    %pushi/vec4 1, 0, 3;
    %store/vec4 v0x557ff99350_0, 0, 3;
    %delay 10000, 0;
    %load/vec4 v0x557ff99530_0;
    %pad/u 4;
    %store/vec4 v0x557ff98fc0_0, 0, 4;
    %pushi/vec4 0, 0, 4;
    %store/vec4 v0x557ff990a0_0, 0, 4;
    %pushi/vec4 2463949034, 0, 98;
    %concati/vec4 7610417, 0, 23;
    %store/vec4 v0x557ff99270_0, 0, 121;
    %load/vec4 v0x557ff99450_0;
    %store/vec4 v0x557ff99180_0, 0, 8;
    %fork TD_and3test_v.passTest, S_0x557ff98df0;
    %join;
    %load/vec4 v0x557ff99180_0;
    %store/vec4 v0x557ff99450_0, 0, 8;
    %delay 90000, 0;
    %pushi/vec4 2, 0, 3;
    %store/vec4 v0x557ff99350_0, 0, 3;
    %delay 10000, 0;
    %load/vec4 v0x557ff99530_0;
    %pad/u 4;
    %store/vec4 v0x557ff98fc0_0, 0, 4;
    %pushi/vec4 0, 0, 4;
    %store/vec4 v0x557ff990a0_0, 0, 4;
    %pushi/vec4 2463949034, 0, 98;
    %concati/vec4 7610418, 0, 23;
    %store/vec4 v0x557ff99270_0, 0, 121;
    %load/vec4 v0x557ff99450_0;
    %store/vec4 v0x557ff99180_0, 0, 8;
    %fork TD_and3test_v.passTest, S_0x557ff98df0;
    %join;
    %load/vec4 v0x557ff99180_0;
    %store/vec4 v0x557ff99450_0, 0, 8;
    %delay 90000, 0;
    %pushi/vec4 3, 0, 3;
    %store/vec4 v0x557ff99350_0, 0, 3;
    %delay 10000, 0;
    %load/vec4 v0x557ff99530_0;
    %pad/u 4;
    %store/vec4 v0x557ff98fc0_0, 0, 4;
    %pushi/vec4 0, 0, 4;
    %store/vec4 v0x557ff990a0_0, 0, 4;
    %pushi/vec4 2463949034, 0, 98;
    %concati/vec4 7610419, 0, 23;
    %store/vec4 v0x557ff99270_0, 0, 121;
    %load/vec4 v0x557ff99450_0;
    %store/vec4 v0x557ff99180_0, 0, 8;
    %fork TD_and3test_v.passTest, S_0x557ff98df0;
    %join;
    %load/vec4 v0x557ff99180_0;
    %store/vec4 v0x557ff99450_0, 0, 8;
    %delay 90000, 0;
    %pushi/vec4 4, 0, 3;
    %store/vec4 v0x557ff99350_0, 0, 3;
    %delay 10000, 0;
    %load/vec4 v0x557ff99530_0;
    %pad/u 4;
    %store/vec4 v0x557ff98fc0_0, 0, 4;
    %pushi/vec4 0, 0, 4;
    %store/vec4 v0x557ff990a0_0, 0, 4;
    %pushi/vec4 2463949034, 0, 98;
    %concati/vec4 7610420, 0, 23;
    %store/vec4 v0x557ff99270_0, 0, 121;
    %load/vec4 v0x557ff99450_0;
    %store/vec4 v0x557ff99180_0, 0, 8;
    %fork TD_and3test_v.passTest, S_0x557ff98df0;
    %join;
    %load/vec4 v0x557ff99180_0;
    %store/vec4 v0x557ff99450_0, 0, 8;
    %delay 90000, 0;
    %pushi/vec4 5, 0, 3;
    %store/vec4 v0x557ff99350_0, 0, 3;
    %delay 10000, 0;
    %load/vec4 v0x557ff99530_0;
    %pad/u 4;
    %store/vec4 v0x557ff98fc0_0, 0, 4;
    %pushi/vec4 0, 0, 4;
    %store/vec4 v0x557ff990a0_0, 0, 4;
    %pushi/vec4 2463949034, 0, 98;
    %concati/vec4 7610421, 0, 23;
    %store/vec4 v0x557ff99270_0, 0, 121;
    %load/vec4 v0x557ff99450_0;
    %store/vec4 v0x557ff99180_0, 0, 8;
    %fork TD_and3test_v.passTest, S_0x557ff98df0;
    %join;
    %load/vec4 v0x557ff99180_0;
    %store/vec4 v0x557ff99450_0, 0, 8;
    %delay 90000, 0;
    %pushi/vec4 6, 0, 3;
    %store/vec4 v0x557ff99350_0, 0, 3;
    %delay 10000, 0;
    %load/vec4 v0x557ff99530_0;
    %pad/u 4;
    %store/vec4 v0x557ff98fc0_0, 0, 4;
    %pushi/vec4 0, 0, 4;
    %store/vec4 v0x557ff990a0_0, 0, 4;
    %pushi/vec4 2463949034, 0, 98;
    %concati/vec4 7610422, 0, 23;
    %store/vec4 v0x557ff99270_0, 0, 121;
    %load/vec4 v0x557ff99450_0;
    %store/vec4 v0x557ff99180_0, 0, 8;
    %fork TD_and3test_v.passTest, S_0x557ff98df0;
    %join;
    %load/vec4 v0x557ff99180_0;
    %store/vec4 v0x557ff99450_0, 0, 8;
    %delay 90000, 0;
    %pushi/vec4 7, 0, 3;
    %store/vec4 v0x557ff99350_0, 0, 3;
    %delay 10000, 0;
    %load/vec4 v0x557ff99530_0;
    %pad/u 4;
    %store/vec4 v0x557ff98fc0_0, 0, 4;
    %pushi/vec4 1, 0, 4;
    %store/vec4 v0x557ff990a0_0, 0, 4;
    %pushi/vec4 2463949034, 0, 98;
    %concati/vec4 7610423, 0, 23;
    %store/vec4 v0x557ff99270_0, 0, 121;
    %load/vec4 v0x557ff99450_0;
    %store/vec4 v0x557ff99180_0, 0, 8;
    %fork TD_and3test_v.passTest, S_0x557ff98df0;
    %join;
    %load/vec4 v0x557ff99180_0;
    %store/vec4 v0x557ff99450_0, 0, 8;
    %delay 90000, 0;
    %load/vec4 v0x557ff99450_0;
    %store/vec4 v0x557ff98600_0, 0, 8;
    %pushi/vec4 8, 0, 8;
    %store/vec4 v0x557ff31400_0, 0, 8;
    %fork TD_and3test_v.allPassed, S_0x557ff31230;
    %join;
    %end;
    .thread T_3;
# The file index is used to find the file name in the following table.
:file_names 4;
    "N/A";
    "<interactive>";
    "and3Test.v";
    "And3.v";
